real_ip, ip, date, file
::1,::1,'March 23, 2018, 12:05:05 pm',point.php?point=53243
::1,::1,'March 23, 2018, 12:05:18 pm',point.php?point=53243
::1,::1,'March 23, 2018, 12:06:08 pm',point.php?point=53243
::1,::1,'March 23, 2018, 12:06:18 pm',point.php?point=3243
::1,::1,'March 23, 2018, 12:06:20 pm',point.php?point=23243
::1,::1,'March 23, 2018, 12:06:37 pm',point.php?point=23243
::1,::1,'March 23, 2018, 12:07:01 pm',point.php?point=23243
::1,::1,'March 23, 2018, 12:07:19 pm',point.php?point=23243
::1,::1,'March 23, 2018, 12:07:27 pm',point.php?point=23243
::1,::1,'March 23, 2018, 12:07:38 pm',point.php?point=23243
::1,::1,'March 23, 2018, 12:08:42 pm',point.php?point=23243
::1,::1,'March 23, 2018, 12:08:52 pm',point.php?point=23243
::1,::1,'March 23, 2018, 12:09:07 pm',point.php?point=23243
::1,::1,'March 23, 2018, 12:09:18 pm',point.php?point=23243
::1,::1,'March 23, 2018, 12:09:50 pm',point.php?point=23243
::1,::1,'March 23, 2018, 12:10:00 pm',point.php?point=23243
::1,::1,'March 23, 2018, 12:12:20 pm',points.php?id=34234
::1,::1,'March 23, 2018, 12:12:40 pm',points.php?point=34234
::1,::1,'March 23, 2018, 12:12:52 pm',points.php?point=34232
::1,::1,'March 23, 2018, 12:13:08 pm',points.php?point=34232
::1,::1,'March 23, 2018, 12:14:54 pm',points.php?point=40375
::1,::1,'March 23, 2018, 12:15:26 pm',points.php?point=40375
::1,::1,'March 23, 2018, 12:15:41 pm',points.php?point=40375
::1,::1,'March 23, 2018, 12:15:57 pm',points.php?point=40375
::1,::1,'March 23, 2018, 12:16:05 pm',points.php?point=40375
::1,::1,'March 23, 2018, 12:16:13 pm',points.php?point=40375
::1,::1,'March 23, 2018, 12:16:18 pm',points.php?point=40375
::1,::1,'March 23, 2018, 12:16:23 pm',points.php?point=40375
::1,::1,'March 23, 2018, 12:16:35 pm',points.php?point=40375
::1,::1,'March 23, 2018, 12:16:40 pm',points.php?point=40375
::1,::1,'March 23, 2018, 12:16:46 pm',points.php?point=40375
::1,::1,'March 23, 2018, 12:16:54 pm',points.php?point=40375
::1,::1,'March 23, 2018, 12:17:02 pm',points.php?point=40375
::1,::1,'March 23, 2018, 12:17:07 pm',points.php?point=40375
::1,::1,'March 23, 2018, 12:17:32 pm',points.php?point=40375
::1,::1,'March 23, 2018, 12:17:33 pm',points.php?point=40375
::1,::1,'March 23, 2018, 12:17:49 pm',points.php?point=40375
::1,::1,'March 23, 2018, 12:17:50 pm',points.php?point=40375
::1,::1,'March 23, 2018, 12:18:22 pm',points.php?point=40375
::1,::1,'March 23, 2018, 12:18:48 pm',points.php?point=40375
::1,::1,'March 23, 2018, 12:21:03 pm',points.php?point=40375
::1,::1,'March 23, 2018, 12:22:26 pm',points.php?point=40375
::1,::1,'March 23, 2018, 12:22:49 pm',points.php?point=40375
::1,::1,'March 23, 2018, 12:23:08 pm',points.php?point=40375
::1,::1,'March 23, 2018, 12:23:15 pm',points.php?point=40375
::1,::1,'March 23, 2018, 12:23:20 pm',points.php?point=40375?marker=revolta
::1,::1,'March 23, 2018, 12:23:25 pm',points.php?point=40375
::1,::1,'March 23, 2018, 12:27:17 pm',points.php?point=40375
::1,::1,'March 23, 2018, 12:27:24 pm',points.php?point=40375
::1,::1,'March 23, 2018, 12:27:29 pm',points.php?point=40375
::1,::1,'March 23, 2018, 12:27:30 pm',points.php?point=40375
::1,::1,'March 23, 2018, 12:27:46 pm',points.php?point=40375
::1,::1,'March 23, 2018, 12:28:09 pm',points.php?point=39645
::1,::1,'March 23, 2018, 12:28:15 pm',points.php?point=40375
::1,::1,'March 23, 2018, 12:28:27 pm',points.php?point=39645
::1,::1,'March 23, 2018, 12:28:50 pm',points.php?point=39645
::1,::1,'March 23, 2018, 3:52:41 pm',points.php?point=40375
::1,::1,'March 23, 2018, 3:54:11 pm',points.php?point=40375
::1,::1,'March 23, 2018, 3:54:25 pm',points.php?point=40375
::1,::1,'March 23, 2018, 3:54:48 pm',points.php?point=40375
::1,::1,'March 23, 2018, 3:55:07 pm',points.php?point=40375
::1,::1,'March 23, 2018, 3:55:19 pm',points.php?point=40375
::1,::1,'April 2, 2018, 12:49:26 pm',points.php?point=40375
::1,::1,'April 2, 2018, 12:49:34 pm',points.php?point=40375
::1,::1,'April 2, 2018, 12:50:16 pm',points.php?point=40375
::1,::1,'April 2, 2018, 12:50:21 pm',points.php?point=40375
::1,::1,'April 16, 2018, 2:20:06 pm',points.php?point=40375
::1,::1,'April 16, 2018, 2:22:35 pm',transformer.php?file=exemplo.json
::1,::1,'April 16, 2018, 2:22:52 pm',transformer.php?file=exemple.json
::1,::1,'April 16, 2018, 2:22:55 pm',transformer.php?file=example.json
::1,::1,'April 16, 2018, 2:23:03 pm',transformer.php?file=example.json
::1,::1,'April 16, 2018, 2:23:18 pm',transformer.php?file=example.json
::1,::1,'April 16, 2018, 2:23:29 pm',transformer.php?file=example.json
::1,::1,'April 16, 2018, 2:23:30 pm',transformer.php?file=example.json
::1,::1,'April 16, 2018, 2:24:15 pm',transformer.php?file=example.json
::1,::1,'April 16, 2018, 2:24:16 pm',transformer.php?file=example.json
::1,::1,'April 16, 2018, 2:24:17 pm',transformer.php?file=example.json
::1,::1,'April 16, 2018, 2:24:19 pm',transformer.php?file=example.json
::1,::1,'April 16, 2018, 2:25:13 pm',transformer.php?file=example.json
::1,::1,'April 16, 2018, 2:25:29 pm',transformer.php?file=example.json
::1,::1,'April 16, 2018, 2:25:30 pm',transformer.php?file=example.json
::1,::1,'April 16, 2018, 2:26:55 pm',transformer.php?file=example.json
::1,::1,'April 16, 2018, 2:27:37 pm',transformer.php?file=example.json
::1,::1,'April 16, 2018, 2:31:05 pm',transformer.php?file=example.json
::1,::1,'April 16, 2018, 2:31:25 pm',transformer.php?file=example.json
::1,::1,'April 16, 2018, 2:32:15 pm',transformer.php?file=example.json
::1,::1,'April 16, 2018, 2:32:53 pm',transformer.php?file=example.json
::1,::1,'April 16, 2018, 2:33:10 pm',transformer.php?file=example.json
::1,::1,'April 16, 2018, 2:33:18 pm',transformer.php?file=example.json
::1,::1,'April 16, 2018, 2:37:24 pm',transformer.php?file=example.json
::1,::1,'April 16, 2018, 2:37:32 pm',transformer.php?file=example.json
::1,::1,'April 16, 2018, 2:37:57 pm',transformer.php?file=example.json
::1,::1,'April 16, 2018, 2:38:04 pm',transformer.php?file=example.json
::1,::1,'April 16, 2018, 2:38:16 pm',transformer.php?file=example.json
::1,::1,'April 16, 2018, 2:39:15 pm',transformer.php?file=example.json
::1,::1,'April 16, 2018, 2:39:52 pm',transformer.php?file=example.json
::1,::1,'April 16, 2018, 2:40:06 pm',transformer.php?file=example.json
::1,::1,'April 16, 2018, 2:40:22 pm',transformer.php?file=example.json
::1,::1,'April 18, 2018, 6:52:23 pm',points.php?point=40375
::1,::1,'April 18, 2018, 6:53:03 pm',points.php?point=40375
::1,::1,'April 18, 2018, 6:53:03 pm',points.php?point=40375
